2024-02-02 10:02:50.784984 Вызов функции hello_world
Аргументы позиционные: ()
Аргументы именованные: {}
Результат: Hello World
2024-02-02 10:02:50.800599 Вызов функции summator
Аргументы позиционные: (2, 2)
Аргументы именованные: {}
Результат: 4
2024-02-02 10:02:50.800599 Вызов функции div
Аргументы позиционные: (6, 2)
Аргументы именованные: {}
Результат: 3.0
2024-02-02 10:02:50.800599 Вызов функции summator
Аргументы позиционные: (4.3,)
Аргументы именованные: {'b': 2.2}
Результат: 6.5
2024-02-02 10:02:50.838956 Вызов функции summator
Аргументы позиционные: ()
Аргументы именованные: {'a': 0, 'b': 0}
Результат: 0
